<?xml version="1.0" encoding="utf-8"?><testsuite errors="0" failures="0" name="pytest" skips="0" tests="8" time="0.075"><testcase classname="test_submit.SellersRanckingTests" file="test_submit.py" line="5" name="test_best_seller" time="0.0009999275207519531"></testcase><testcase classname="test_submit.SellersRanckingTests" file="test_submit.py" line="63" name="test_best_seller_store" time="0.0"></testcase><testcase classname="test_submit.SellersRanckingTests" file="test_submit.py" line="57" name="test_best_seller_store_two" time="0.0009999275207519531"></testcase><testcase classname="test_submit.SellersRanckingTests" file="test_submit.py" line="33" name="test_best_seller_three" time="0.0"></testcase><testcase classname="test_submit.SellersRanckingTests" file="test_submit.py" line="18" name="test_best_seller_two" time="0.0009999275207519531"></testcase><testcase classname="test_submit.SellersRanckingTests" file="test_submit.py" line="38" name="test_rancking_list" time="0.002000093460083008"></testcase><testcase classname="test_submit.SellersRanckingTests" file="test_submit.py" line="51" name="test_rancking_list_two" time="0.0"></testcase><testcase classname="test_submit.SellersRanckingTests" file="test_submit.py" line="76" name="test_sales_goals" time="0.0010004043579101562"></testcase></testsuite>