<?xml version="1.0" encoding="utf-8"?><testsuite errors="0" failures="1" name="pytest" skips="0" tests="4" time="0.171"><testcase classname="test_submit.CloudCostTests" file="test_submit.py" line="10" name="test_app_execution" time="0.0020003318786621094"></testcase><testcase classname="test_submit.CloudCostTests" file="test_submit.py" line="6" name="test_lambda_execution" time="0.0"></testcase><testcase classname="test_submit.CloudCostTests" file="test_submit.py" line="19" name="test_month" time="0.0009999275207519531"></testcase><testcase classname="test_submit.CloudCostTests" file="test_submit.py" line="29" name="test_year" time="0.0020003318786621094"><failure message="AssertionError: Lists differ: [38.7128, 34.9664, 38.7128, 37.464, 38.7128, 37.[51 chars]7128] != [38.712799999999994, 34.9664, 38.712799999999994[128 chars]9994]

First differing element 0:
38.7128
38.712799999999994

- [38.7128,
+ [38.712799999999994,
   34.9664,
-  38.7128,
+  38.712799999999994,
   37.464,
-  38.7128,
+  38.712799999999994,
   37.464,
-  38.7128,
-  38.7128,
+  38.712799999999994,
+  38.712799999999994,
   37.464,
-  38.7128,
+  38.712799999999994,
   37.464,
-  38.7128]
+  38.712799999999994]">E   AssertionError: Lists differ: [38.7128, 34.9664, 38.7128, 37.464, 38.7128, 37.[51 chars]7128] != [38.712799999999994, 34.9664, 38.712799999999994[128 chars]9994]
    
    First differing element 0:
    38.7128
    38.712799999999994
    
    - [38.7128,
    + [38.712799999999994,
       34.9664,
    -  38.7128,
    +  38.712799999999994,
       37.464,
    -  38.7128,
    +  38.712799999999994,
       37.464,
    -  38.7128,
    -  38.7128,
    +  38.712799999999994,
    +  38.712799999999994,
       37.464,
    -  38.7128,
    +  38.712799999999994,
       37.464,
    -  38.7128]
    +  38.712799999999994]</failure></testcase></testsuite>